Inspection path planner version 1.0.0
Scenario:
Number of facets:	396
Number of obstacles:	0
Space center:		(0, 0, 0)
Space size:		(1000, 1000, 1000)
Starting point:		(0, 0, 100)
Angle of incidence:	0.523599rad
Range:			(1, 500)m
Number of iterations:	1000
Linear speed:		0.25m/s
Yaw rate:		0.5rad/s
Field of view [h,v]:	[2.0944, 2.0944]rad
Camera pitch:		0.436332rad

-->Infeasible connection between viewpoints
(0, 0, 100) and (7.88199, -13.3987, 269.065)
-->Infeasible connection between viewpoints
(131.666, 71.4727, 0.138306) and (131.666, 71.4727, 0.138306)
-->Infeasible connection between viewpoints
(-81.8167, -130.981, -1.55029) and (-81.8167, -130.981, -1.55029)
-->Infeasible connection between viewpoints
(0, 0, 100) and (83.1863, -19.5345, 40.0011)
-->Infeasible connection between viewpoints
(0, 0, 100) and (74.7291, 6.68646, 58.1088)
-->Infeasible connection between viewpoints
(-19.0579, -18.1019, 73.5712) and (-19.0579, -18.1019, 73.5712)
-->Infeasible connection between viewpoints
(0, 0, 100) and (-19.994, -15.7517, 0.765976)
-->Infeasible connection between viewpoints
(0, 0, 100) and (38.421, -23.485, 143.489)
-->Infeasible connection between viewpoints
(0, 0, 100) and (128.711, -5.04085, 49.5343)
-->Infeasible connection between viewpoints
(0, 0, 100) and (128.711, -5.04085, 49.5343)
-->Infeasible connection between viewpoints
(0, 0, 100) and (128.711, -5.04085, 49.5343)
-->Infeasible connection between viewpoints
(0, 0, 100) and (8.47028, -30.3969, 17.3699)
-->Infeasible connection between viewpoints
(0, 0, 100) and (93.4672, -1.58465, 83.893)
-->Infeasible connection between viewpoints
(0, 0, 100) and (84.6604, -30.1214, 48.6236)
-->Infeasible connection between viewpoints
(64.5683, -84.5459, -28.6074) and (-5.78888, -135.318, -98.5443)
-->Infeasible connection between viewpoints
(64.5683, -84.5459, -28.6074) and (-4.85973, -142.162, -103.347)
-->Infeasible connection between viewpoints
(0, 0, 100) and (33.4597, 74.2444, -21.3318)
-->Infeasible connection between viewpoints
(0, 0, 100) and (139.317, -43.227, -0.756485)
-->Infeasible connection between viewpoints
(0, 0, 100) and (146, -20.4951, 1.21855)
-->Infeasible connection between viewpoints
(0, 0, 100) and (-6.82899, -66.3425, 1.37781)
-->Infeasible connection between viewpoints
(0, 0, 100) and (137.641, -3.71338, 0.937637)
-->Infeasible connection between viewpoints
(0, 0, 100) and (97.2079, -75.9711, 3.14337)
-->Infeasible connection between viewpoints
(0, 0, 100) and (127.288, -32.4176, -2.97455)
-->Infeasible connection between viewpoints
(0, 0, 100) and (-47.164, 26.5002, 1.22961)
